<?xml version="1.0" encoding="UTF-8"?>
<testsuite xmlns:xsi="http://www.w3.org/2001/XMLSchema-instance" xsi:noNamespaceSchemaLocation="https://maven.apache.org/surefire/maven-surefire-plugin/xsd/surefire-test-report.xsd" name="registerServletTest" time="0" tests="1" errors="0" skipped="0" failures="0">
  <properties>
    <property name="java.specification.version" value="15"/>
    <property name="sun.cpu.isalist" value="amd64"/>
    <property name="sun.jnu.encoding" value="Cp1252"/>
    <property name="java.class.path" value="C:\Users\Ashiqur\Desktop\epay\epay\target\test-classes;C:\Users\Ashiqur\Desktop\epay\epay\target\classes;C:\Users\Ashiqur\.m2\repository\org\xerial\sqlite-jdbc\3.44.0.0\sqlite-jdbc-3.44.0.0.jar;C:\Users\Ashiqur\.m2\repository\org\slf4j\slf4j-api\1.7.36\slf4j-api-1.7.36.jar;C:\Users\Ashiqur\.m2\repository\org\junit\jupiter\junit-jupiter-api\5.8.1\junit-jupiter-api-5.8.1.jar;C:\Users\Ashiqur\.m2\repository\org\opentest4j\opentest4j\1.2.0\opentest4j-1.2.0.jar;C:\Users\Ashiqur\.m2\repository\org\junit\platform\junit-platform-commons\1.8.1\junit-platform-commons-1.8.1.jar;C:\Users\Ashiqur\.m2\repository\org\apiguardian\apiguardian-api\1.1.2\apiguardian-api-1.1.2.jar;C:\Users\Ashiqur\.m2\repository\org\junit\jupiter\junit-jupiter-engine\5.8.1\junit-jupiter-engine-5.8.1.jar;C:\Users\Ashiqur\.m2\repository\org\junit\platform\junit-platform-engine\1.8.1\junit-platform-engine-1.8.1.jar;C:\Users\Ashiqur\.m2\repository\org\mockito\mockito-core\3.9.0\mockito-core-3.9.0.jar;C:\Users\Ashiqur\.m2\repository\net\bytebuddy\byte-buddy\1.10.20\byte-buddy-1.10.20.jar;C:\Users\Ashiqur\.m2\repository\net\bytebuddy\byte-buddy-agent\1.10.20\byte-buddy-agent-1.10.20.jar;C:\Users\Ashiqur\.m2\repository\org\objenesis\objenesis\3.2\objenesis-3.2.jar;C:\Users\Ashiqur\.m2\repository\com\google\code\gson\gson\2.10.1\gson-2.10.1.jar;C:\Users\Ashiqur\.m2\repository\jakarta\servlet\jakarta.servlet-api\6.0.0\jakarta.servlet-api-6.0.0.jar;C:\Users\Ashiqur\.m2\repository\jakarta\servlet\jsp\jakarta.servlet.jsp-api\3.1.1\jakarta.servlet.jsp-api-3.1.1.jar;C:\Users\Ashiqur\.m2\repository\org\glassfish\web\jakarta.servlet.jsp.jstl\3.0.1\jakarta.servlet.jsp.jstl-3.0.1.jar;C:\Users\Ashiqur\.m2\repository\jakarta\servlet\jsp\jstl\jakarta.servlet.jsp.jstl-api\3.0.0\jakarta.servlet.jsp.jstl-api-3.0.0.jar;C:\Users\Ashiqur\.m2\repository\jakarta\el\jakarta.el-api\5.0.0\jakarta.el-api-5.0.0.jar;"/>
    <property name="java.vm.vendor" value="Oracle Corporation"/>
    <property name="sun.arch.data.model" value="64"/>
    <property name="user.variant" value=""/>
    <property name="java.vendor.url" value="https://java.oracle.com/"/>
    <property name="user.timezone" value="America/Toronto"/>
    <property name="os.name" value="Windows 10"/>
    <property name="java.vm.specification.version" value="15"/>
    <property name="sun.java.launcher" value="SUN_STANDARD"/>
    <property name="user.country" value="US"/>
    <property name="sun.boot.library.path" value="C:\Users\Ashiqur\Downloads\openjdk-15.0.2_windows-x64_bin\jdk-15.0.2\bin"/>
    <property name="sun.java.command" value="C:\Users\Ashiqur\AppData\Local\Temp\surefire8942145377806750426\surefirebooter3346184384171762313.jar C:\Users\Ashiqur\AppData\Local\Temp\surefire8942145377806750426 2023-12-03T22-28-07_451-jvmRun1 surefire16912206087443076818tmp surefire_07253058634068643484tmp"/>
    <property name="jdk.debug" value="release"/>
    <property name="surefire.test.class.path" value="C:\Users\Ashiqur\Desktop\epay\epay\target\test-classes;C:\Users\Ashiqur\Desktop\epay\epay\target\classes;C:\Users\Ashiqur\.m2\repository\org\xerial\sqlite-jdbc\3.44.0.0\sqlite-jdbc-3.44.0.0.jar;C:\Users\Ashiqur\.m2\repository\org\slf4j\slf4j-api\1.7.36\slf4j-api-1.7.36.jar;C:\Users\Ashiqur\.m2\repository\org\junit\jupiter\junit-jupiter-api\5.8.1\junit-jupiter-api-5.8.1.jar;C:\Users\Ashiqur\.m2\repository\org\opentest4j\opentest4j\1.2.0\opentest4j-1.2.0.jar;C:\Users\Ashiqur\.m2\repository\org\junit\platform\junit-platform-commons\1.8.1\junit-platform-commons-1.8.1.jar;C:\Users\Ashiqur\.m2\repository\org\apiguardian\apiguardian-api\1.1.2\apiguardian-api-1.1.2.jar;C:\Users\Ashiqur\.m2\repository\org\junit\jupiter\junit-jupiter-engine\5.8.1\junit-jupiter-engine-5.8.1.jar;C:\Users\Ashiqur\.m2\repository\org\junit\platform\junit-platform-engine\1.8.1\junit-platform-engine-1.8.1.jar;C:\Users\Ashiqur\.m2\repository\org\mockito\mockito-core\3.9.0\mockito-core-3.9.0.jar;C:\Users\Ashiqur\.m2\repository\net\bytebuddy\byte-buddy\1.10.20\byte-buddy-1.10.20.jar;C:\Users\Ashiqur\.m2\repository\net\bytebuddy\byte-buddy-agent\1.10.20\byte-buddy-agent-1.10.20.jar;C:\Users\Ashiqur\.m2\repository\org\objenesis\objenesis\3.2\objenesis-3.2.jar;C:\Users\Ashiqur\.m2\repository\com\google\code\gson\gson\2.10.1\gson-2.10.1.jar;C:\Users\Ashiqur\.m2\repository\jakarta\servlet\jakarta.servlet-api\6.0.0\jakarta.servlet-api-6.0.0.jar;C:\Users\Ashiqur\.m2\repository\jakarta\servlet\jsp\jakarta.servlet.jsp-api\3.1.1\jakarta.servlet.jsp-api-3.1.1.jar;C:\Users\Ashiqur\.m2\repository\org\glassfish\web\jakarta.servlet.jsp.jstl\3.0.1\jakarta.servlet.jsp.jstl-3.0.1.jar;C:\Users\Ashiqur\.m2\repository\jakarta\servlet\jsp\jstl\jakarta.servlet.jsp.jstl-api\3.0.0\jakarta.servlet.jsp.jstl-api-3.0.0.jar;C:\Users\Ashiqur\.m2\repository\jakarta\el\jakarta.el-api\5.0.0\jakarta.el-api-5.0.0.jar;"/>
    <property name="sun.cpu.endian" value="little"/>
    <property name="user.home" value="C:\Users\Ashiqur"/>
    <property name="user.language" value="en"/>
    <property name="java.specification.vendor" value="Oracle Corporation"/>
    <property name="java.version.date" value="2021-01-19"/>
    <property name="java.home" value="C:\Users\Ashiqur\Downloads\openjdk-15.0.2_windows-x64_bin\jdk-15.0.2"/>
    <property name="file.separator" value="\"/>
    <property name="basedir" value="C:\Users\Ashiqur\Desktop\epay\epay"/>
    <property name="java.vm.compressedOopsMode" value="Zero based"/>
    <property name="line.separator" value="&#10;"/>
    <property name="java.vm.specification.vendor" value="Oracle Corporation"/>
    <property name="java.specification.name" value="Java Platform API Specification"/>
    <property name="surefire.real.class.path" value="C:\Users\Ashiqur\AppData\Local\Temp\surefire8942145377806750426\surefirebooter3346184384171762313.jar"/>
    <property name="user.script" value=""/>
    <property name="sun.management.compiler" value="HotSpot 64-Bit Tiered Compilers"/>
    <property name="java.runtime.version" value="15.0.2+7-27"/>
    <property name="user.name" value="Ashiqur"/>
    <property name="path.separator" value=";"/>
    <property name="os.version" value="10.0"/>
    <property name="java.runtime.name" value="OpenJDK Runtime Environment"/>
    <property name="file.encoding" value="Cp1252"/>
    <property name="java.vm.name" value="OpenJDK 64-Bit Server VM"/>
    <property name="localRepository" value="C:\Users\Ashiqur\.m2\repository"/>
    <property name="java.vendor.url.bug" value="https://bugreport.java.com/bugreport/"/>
    <property name="java.io.tmpdir" value="C:\Users\Ashiqur\AppData\Local\Temp\"/>
    <property name="java.version" value="15.0.2"/>
    <property name="user.dir" value="C:\Users\Ashiqur\Desktop\epay\epay"/>
    <property name="os.arch" value="amd64"/>
    <property name="java.vm.specification.name" value="Java Virtual Machine Specification"/>
    <property name="sun.os.patch.level" value=""/>
    <property name="java.library.path" value="C:\Users\Ashiqur\Downloads\openjdk-15.0.2_windows-x64_bin\jdk-15.0.2\bin;C:\Windows\Sun\Java\bin;C:\Windows\system32;C:\Windows;C:\Program Files\Common Files\Oracle\Java\javapath;C:\Windows\system32;C:\Windows;C:\Windows\System32\Wbem;C:\Windows\System32\WindowsPowerShell\v1.0\;C:\Windows\System32\OpenSSH\;C:\Program Files (x86)\NVIDIA Corporation\PhysX\Common;C:\Program Files\NVIDIA Corporation\NVIDIA NvDLISR;C:\Program Files (x86)\Common Files\Acronis\SnapAPI\;C:\Program Files (x86)\Common Files\Acronis\VirtualFile\;C:\Program Files (x86)\Common Files\Acronis\VirtualFile64\;C:\Program Files (x86)\Common Files\Acronis\FileProtector\;C:\Program Files (x86)\Common Files\Acronis\FileProtector64\;C:\Program Files\Git\cmd;C:\xampp\php;C:\ProgramData\ComposerSetup\bin;C:\MinGW\bin;C:\Users\Ashiqur\Downloads\apache-jmeter-5.5\apache-jmeter-5.5\bin;C:\Users\Ashiqur\Downloads\apache-ant-1.10.12-bin\apache-ant-1.10.12\bin;C:\Program Files\nodejs\;C:\Program Files\CMake\bin;C:\Users\Ashiqur\AppData\Local\Programs\Python\Python310\Scripts\;C:\Users\Ashiqur\AppData\Local\Programs\Python\Python310\;C:\Users\Ashiqur\AppData\Local\Microsoft\WindowsApps;C:\Users\Ashiqur\AppData\Roaming\Composer\vendor\bin;C:\Users\Ashiqur\AppData\Local\Programs\Microsoft VS Code\bin;C:\xampp\mysql\bin;C:\Users\Ashiqur\AppData\Local\GitHubDesktop\bin;C:\Users\Ashiqur\eclipse\java-2021-09\eclipse;C:\Users\Ashiqur\Downloads\openjdk-15.0.2_windows-x64_bin\jdk-15.0.2\bin;C:\Users\Ashiqur\Downloads\apache-maven-3.8.6-bin\apache-maven-3.8.6\bin;C:\Program Files\PostgreSQL\14;C:\Users\Ashiqur\Downloads\apache-jmeter-5.5\apache-jmeter-5.5;C:\Users\Ashiqur\AppData\Roaming\npm;C:\msys64\ucrt64\bin;C:\Program Files\Apache Software Foundation\Tomcat 10.1\bin;;."/>
    <property name="java.vm.info" value="mixed mode, sharing"/>
    <property name="java.vendor" value="Oracle Corporation"/>
    <property name="java.vm.version" value="15.0.2+7-27"/>
    <property name="sun.io.unicode.encoding" value="UnicodeLittle"/>
    <property name="java.class.version" value="59.0"/>
  </properties>
  <testcase name="PassTest" classname="registerServletTest" time="0"/>
</testsuite>